2025/03/04 14:48:04 [notice] 1#1: using the "epoll" event method
2025/03/04 14:48:04 [notice] 1#1: nginx/1.27.4
2025/03/04 14:48:04 [notice] 1#1: built by gcc 14.2.0 (Alpine 14.2.0) 
2025/03/04 14:48:04 [notice] 1#1: OS: Linux 5.15.167.4-microsoft-standard-WSL2
2025/03/04 14:48:04 [notice] 1#1: getrlimit(RLIMIT_NOFILE): 1048576:1048576
2025/03/04 14:48:04 [notice] 1#1: start worker processes
2025/03/04 14:48:04 [notice] 1#1: start worker process 21
2025/03/04 14:48:04 [notice] 1#1: start worker process 22
2025/03/04 14:48:04 [notice] 1#1: start worker process 23
2025/03/04 14:48:04 [notice] 1#1: start worker process 24
2025/03/04 14:48:04 [notice] 1#1: start worker process 25
2025/03/04 14:48:04 [notice] 1#1: start worker process 26
2025/03/04 14:48:04 [notice] 1#1: start worker process 27
2025/03/04 14:48:04 [notice] 1#1: start worker process 28
2025/03/04 14:48:04 [notice] 1#1: start worker process 29
2025/03/04 14:48:04 [notice] 1#1: start worker process 30
2025/03/04 14:48:04 [notice] 1#1: start worker process 31
2025/03/04 14:48:04 [notice] 1#1: start worker process 32
2025/03/04 14:48:04 [notice] 1#1: start worker process 33
2025/03/04 14:48:04 [notice] 1#1: start worker process 34
2025/03/04 14:48:04 [notice] 1#1: start worker process 35
2025/03/04 14:48:04 [notice] 1#1: start worker process 36
2025/03/04 14:59:45 [notice] 1#1: signal 3 (SIGQUIT) received, shutting down
2025/03/04 14:59:45 [notice] 21#21: gracefully shutting down
2025/03/04 14:59:45 [notice] 33#33: gracefully shutting down
2025/03/04 14:59:45 [notice] 23#23: gracefully shutting down
2025/03/04 14:59:45 [notice] 25#25: gracefully shutting down
2025/03/04 14:59:45 [notice] 26#26: gracefully shutting down
2025/03/04 14:59:45 [notice] 27#27: gracefully shutting down
2025/03/04 14:59:45 [notice] 29#29: gracefully shutting down
2025/03/04 14:59:45 [notice] 24#24: gracefully shutting down
2025/03/04 14:59:45 [notice] 28#28: gracefully shutting down
2025/03/04 14:59:45 [notice] 22#22: gracefully shutting down
2025/03/04 14:59:45 [notice] 30#30: gracefully shutting down
2025/03/04 14:59:45 [notice] 30#30: exiting
2025/03/04 14:59:45 [notice] 31#31: gracefully shutting down
2025/03/04 14:59:45 [notice] 30#30: exit
2025/03/04 14:59:45 [notice] 32#32: gracefully shutting down
2025/03/04 14:59:45 [notice] 35#35: gracefully shutting down
2025/03/04 14:59:45 [notice] 21#21: exiting
2025/03/04 14:59:45 [notice] 36#36: gracefully shutting down
2025/03/04 14:59:45 [notice] 34#34: gracefully shutting down
2025/03/04 14:59:45 [notice] 33#33: exiting
2025/03/04 14:59:45 [notice] 23#23: exiting
2025/03/04 14:59:45 [notice] 25#25: exiting
2025/03/04 14:59:45 [notice] 26#26: exiting
2025/03/04 14:59:45 [notice] 27#27: exiting
2025/03/04 14:59:45 [notice] 29#29: exiting
2025/03/04 14:59:45 [notice] 24#24: exiting
2025/03/04 14:59:45 [notice] 28#28: exiting
2025/03/04 14:59:45 [notice] 22#22: exiting
2025/03/04 14:59:45 [notice] 31#31: exiting
2025/03/04 14:59:45 [notice] 32#32: exiting
2025/03/04 14:59:45 [notice] 21#21: exit
2025/03/04 14:59:45 [notice] 35#35: exiting
2025/03/04 14:59:45 [notice] 36#36: exiting
2025/03/04 14:59:45 [notice] 35#35: exit
2025/03/04 14:59:45 [notice] 34#34: exiting
2025/03/04 14:59:45 [notice] 33#33: exit
2025/03/04 14:59:45 [notice] 23#23: exit
2025/03/04 14:59:45 [notice] 25#25: exit
2025/03/04 14:59:45 [notice] 26#26: exit
2025/03/04 14:59:45 [notice] 27#27: exit
2025/03/04 14:59:45 [notice] 29#29: exit
2025/03/04 14:59:45 [notice] 24#24: exit
2025/03/04 14:59:45 [notice] 28#28: exit
2025/03/04 14:59:45 [notice] 22#22: exit
2025/03/04 14:59:45 [notice] 31#31: exit
2025/03/04 14:59:45 [notice] 32#32: exit
2025/03/04 14:59:45 [notice] 36#36: exit
2025/03/04 14:59:45 [notice] 34#34: exit
2025/03/04 14:59:45 [notice] 1#1: signal 17 (SIGCHLD) received from 23
2025/03/04 14:59:45 [notice] 1#1: worker process 23 exited with code 0
2025/03/04 14:59:45 [notice] 1#1: signal 29 (SIGIO) received
2025/03/04 14:59:45 [notice] 1#1: signal 17 (SIGCHLD) received from 30
2025/03/04 14:59:45 [notice] 1#1: worker process 27 exited with code 0
2025/03/04 14:59:45 [notice] 1#1: worker process 30 exited with code 0
2025/03/04 14:59:45 [notice] 1#1: worker process 36 exited with code 0
2025/03/04 14:59:45 [notice] 1#1: signal 29 (SIGIO) received
2025/03/04 14:59:45 [notice] 1#1: signal 17 (SIGCHLD) received from 35
2025/03/04 14:59:45 [notice] 1#1: worker process 21 exited with code 0
2025/03/04 14:59:45 [notice] 1#1: worker process 32 exited with code 0
2025/03/04 14:59:45 [notice] 1#1: worker process 34 exited with code 0
2025/03/04 14:59:45 [notice] 1#1: worker process 35 exited with code 0
2025/03/04 14:59:45 [notice] 1#1: signal 29 (SIGIO) received
2025/03/04 14:59:45 [notice] 1#1: signal 17 (SIGCHLD) received from 31
2025/03/04 14:59:45 [notice] 1#1: worker process 24 exited with code 0
2025/03/04 14:59:45 [notice] 1#1: worker process 31 exited with code 0
2025/03/04 14:59:45 [notice] 1#1: signal 29 (SIGIO) received
2025/03/04 14:59:45 [notice] 1#1: signal 17 (SIGCHLD) received from 24
2025/03/04 14:59:45 [notice] 1#1: signal 17 (SIGCHLD) received from 29
2025/03/04 14:59:45 [notice] 1#1: worker process 25 exited with code 0
2025/03/04 14:59:45 [notice] 1#1: worker process 26 exited with code 0
2025/03/04 14:59:45 [notice] 1#1: worker process 28 exited with code 0
2025/03/04 14:59:45 [notice] 1#1: worker process 29 exited with code 0
2025/03/04 14:59:45 [notice] 1#1: signal 29 (SIGIO) received
2025/03/04 14:59:45 [notice] 1#1: signal 17 (SIGCHLD) received from 26
2025/03/04 14:59:45 [notice] 1#1: signal 17 (SIGCHLD) received from 22
2025/03/04 14:59:45 [notice] 1#1: worker process 22 exited with code 0
2025/03/04 14:59:45 [notice] 1#1: worker process 33 exited with code 0
2025/03/04 14:59:45 [notice] 1#1: exit
2025/03/04 15:43:28 [notice] 1#1: using the "epoll" event method
2025/03/04 15:43:28 [notice] 1#1: nginx/1.27.4
2025/03/04 15:43:28 [notice] 1#1: built by gcc 14.2.0 (Alpine 14.2.0) 
2025/03/04 15:43:28 [notice] 1#1: OS: Linux 5.15.167.4-microsoft-standard-WSL2
2025/03/04 15:43:28 [notice] 1#1: getrlimit(RLIMIT_NOFILE): 1048576:1048576
2025/03/04 15:43:28 [notice] 1#1: start worker processes
2025/03/04 15:43:28 [notice] 1#1: start worker process 21
2025/03/04 15:43:28 [notice] 1#1: start worker process 22
2025/03/04 15:43:28 [notice] 1#1: start worker process 23
2025/03/04 15:43:28 [notice] 1#1: start worker process 24
2025/03/04 15:43:28 [notice] 1#1: start worker process 25
2025/03/04 15:43:28 [notice] 1#1: start worker process 26
2025/03/04 15:43:28 [notice] 1#1: start worker process 27
2025/03/04 15:43:28 [notice] 1#1: start worker process 28
2025/03/04 15:43:28 [notice] 1#1: start worker process 29
2025/03/04 15:43:28 [notice] 1#1: start worker process 30
2025/03/04 15:43:28 [notice] 1#1: start worker process 31
2025/03/04 15:43:28 [notice] 1#1: start worker process 32
2025/03/04 15:43:28 [notice] 1#1: start worker process 33
2025/03/04 15:43:28 [notice] 1#1: start worker process 34
2025/03/04 15:43:28 [notice] 1#1: start worker process 35
2025/03/04 15:43:28 [notice] 1#1: start worker process 36
2025/03/04 15:59:53 [error] 22#22: *1 connect() failed (113: Host is unreachable) while connecting to upstream, client: 172.18.0.1, server: localhost, request: "POST /api/v1/login HTTP/1.1", upstream: "http://172.18.0.2:8000/api/v1/login", host: "127.0.0.1", referrer: "http://127.0.0.1/login"
2025/03/04 16:00:00 [error] 22#22: *1 connect() failed (113: Host is unreachable) while connecting to upstream, client: 172.18.0.1, server: localhost, request: "POST /api/v1/login HTTP/1.1", upstream: "http://172.18.0.2:8000/api/v1/login", host: "127.0.0.1", referrer: "http://127.0.0.1/login"
2025/03/04 16:01:45 [notice] 1#1: signal 3 (SIGQUIT) received, shutting down
2025/03/04 16:01:45 [notice] 21#21: gracefully shutting down
2025/03/04 16:01:45 [notice] 25#25: gracefully shutting down
2025/03/04 16:01:45 [notice] 22#22: gracefully shutting down
2025/03/04 16:01:45 [notice] 23#23: gracefully shutting down
2025/03/04 16:01:45 [notice] 24#24: gracefully shutting down
2025/03/04 16:01:45 [notice] 28#28: gracefully shutting down
2025/03/04 16:01:45 [notice] 30#30: gracefully shutting down
2025/03/04 16:01:45 [notice] 26#26: gracefully shutting down
2025/03/04 16:01:45 [notice] 29#29: gracefully shutting down
2025/03/04 16:01:45 [notice] 32#32: gracefully shutting down
2025/03/04 16:01:45 [notice] 34#34: gracefully shutting down
2025/03/04 16:01:45 [notice] 35#35: gracefully shutting down
2025/03/04 16:01:45 [notice] 31#31: gracefully shutting down
2025/03/04 16:01:45 [notice] 35#35: exiting
2025/03/04 16:01:45 [notice] 27#27: gracefully shutting down
2025/03/04 16:01:45 [notice] 21#21: exiting
2025/03/04 16:01:45 [notice] 36#36: gracefully shutting down
2025/03/04 16:01:45 [notice] 33#33: gracefully shutting down
2025/03/04 16:01:45 [notice] 25#25: exiting
2025/03/04 16:01:45 [notice] 33#33: exiting
2025/03/04 16:01:45 [notice] 22#22: exiting
2025/03/04 16:01:45 [notice] 23#23: exiting
2025/03/04 16:01:45 [notice] 24#24: exiting
2025/03/04 16:01:45 [notice] 28#28: exiting
2025/03/04 16:01:45 [notice] 30#30: exiting
2025/03/04 16:01:45 [notice] 28#28: exit
2025/03/04 16:01:45 [notice] 26#26: exiting
2025/03/04 16:01:45 [notice] 29#29: exiting
2025/03/04 16:01:45 [notice] 32#32: exiting
2025/03/04 16:01:45 [notice] 34#34: exiting
2025/03/04 16:01:45 [notice] 31#31: exiting
2025/03/04 16:01:45 [notice] 35#35: exit
2025/03/04 16:01:45 [notice] 27#27: exiting
2025/03/04 16:01:45 [notice] 21#21: exit
2025/03/04 16:01:45 [notice] 27#27: exit
2025/03/04 16:01:45 [notice] 36#36: exiting
2025/03/04 16:01:45 [notice] 25#25: exit
2025/03/04 16:01:45 [notice] 33#33: exit
2025/03/04 16:01:45 [notice] 22#22: exit
2025/03/04 16:01:45 [notice] 23#23: exit
2025/03/04 16:01:45 [notice] 24#24: exit
2025/03/04 16:01:45 [notice] 30#30: exit
2025/03/04 16:01:45 [notice] 26#26: exit
2025/03/04 16:01:45 [notice] 29#29: exit
2025/03/04 16:01:45 [notice] 32#32: exit
2025/03/04 16:01:45 [notice] 34#34: exit
2025/03/04 16:01:45 [notice] 31#31: exit
2025/03/04 16:01:45 [notice] 36#36: exit
2025/03/04 16:01:45 [notice] 1#1: signal 17 (SIGCHLD) received from 33
2025/03/04 16:01:45 [notice] 1#1: worker process 24 exited with code 0
2025/03/04 16:01:45 [notice] 1#1: worker process 25 exited with code 0
2025/03/04 16:01:45 [notice] 1#1: worker process 26 exited with code 0
2025/03/04 16:01:45 [notice] 1#1: worker process 27 exited with code 0
2025/03/04 16:01:45 [notice] 1#1: worker process 28 exited with code 0
2025/03/04 16:01:45 [notice] 1#1: worker process 29 exited with code 0
2025/03/04 16:01:45 [notice] 1#1: worker process 30 exited with code 0
2025/03/04 16:01:45 [notice] 1#1: worker process 31 exited with code 0
2025/03/04 16:01:45 [notice] 1#1: worker process 33 exited with code 0
2025/03/04 16:01:45 [notice] 1#1: worker process 34 exited with code 0
2025/03/04 16:01:45 [notice] 1#1: worker process 35 exited with code 0
2025/03/04 16:01:45 [notice] 1#1: worker process 36 exited with code 0
2025/03/04 16:01:45 [notice] 1#1: signal 29 (SIGIO) received
2025/03/04 16:01:45 [notice] 1#1: signal 17 (SIGCHLD) received from 31
2025/03/04 16:01:45 [notice] 1#1: signal 17 (SIGCHLD) received from 22
2025/03/04 16:01:45 [notice] 1#1: worker process 21 exited with code 0
2025/03/04 16:01:45 [notice] 1#1: worker process 22 exited with code 0
2025/03/04 16:01:45 [notice] 1#1: worker process 23 exited with code 0
2025/03/04 16:01:45 [notice] 1#1: worker process 32 exited with code 0
2025/03/04 16:01:45 [notice] 1#1: exit
2025/03/04 16:06:40 [notice] 1#1: using the "epoll" event method
2025/03/04 16:06:40 [notice] 1#1: nginx/1.27.4
2025/03/04 16:06:40 [notice] 1#1: built by gcc 14.2.0 (Alpine 14.2.0) 
2025/03/04 16:06:40 [notice] 1#1: OS: Linux 5.15.167.4-microsoft-standard-WSL2
2025/03/04 16:06:40 [notice] 1#1: getrlimit(RLIMIT_NOFILE): 1048576:1048576
2025/03/04 16:06:40 [notice] 1#1: start worker processes
2025/03/04 16:06:40 [notice] 1#1: start worker process 22
2025/03/04 16:06:40 [notice] 1#1: start worker process 23
2025/03/04 16:06:40 [notice] 1#1: start worker process 24
2025/03/04 16:06:40 [notice] 1#1: start worker process 25
2025/03/04 16:06:40 [notice] 1#1: start worker process 26
2025/03/04 16:06:40 [notice] 1#1: start worker process 27
2025/03/04 16:06:40 [notice] 1#1: start worker process 28
2025/03/04 16:06:40 [notice] 1#1: start worker process 29
2025/03/04 16:06:40 [notice] 1#1: start worker process 30
2025/03/04 16:06:40 [notice] 1#1: start worker process 31
2025/03/04 16:06:40 [notice] 1#1: start worker process 32
2025/03/04 16:06:40 [notice] 1#1: start worker process 33
2025/03/04 16:06:40 [notice] 1#1: start worker process 34
2025/03/04 16:06:40 [notice] 1#1: start worker process 35
2025/03/04 16:06:40 [notice] 1#1: start worker process 36
2025/03/04 16:06:40 [notice] 1#1: start worker process 37
2025/03/04 16:11:13 [notice] 1#1: signal 3 (SIGQUIT) received, shutting down
2025/03/04 16:11:13 [notice] 23#23: gracefully shutting down
2025/03/04 16:11:13 [notice] 36#36: gracefully shutting down
2025/03/04 16:11:13 [notice] 22#22: gracefully shutting down
2025/03/04 16:11:13 [notice] 24#24: gracefully shutting down
2025/03/04 16:11:13 [notice] 25#25: gracefully shutting down
2025/03/04 16:11:13 [notice] 28#28: gracefully shutting down
2025/03/04 16:11:13 [notice] 27#27: gracefully shutting down
2025/03/04 16:11:13 [notice] 29#29: gracefully shutting down
2025/03/04 16:11:13 [notice] 31#31: gracefully shutting down
2025/03/04 16:11:13 [notice] 26#26: gracefully shutting down
2025/03/04 16:11:13 [notice] 32#32: gracefully shutting down
2025/03/04 16:11:13 [notice] 33#33: gracefully shutting down
2025/03/04 16:11:13 [notice] 30#30: gracefully shutting down
2025/03/04 16:11:13 [notice] 37#37: gracefully shutting down
2025/03/04 16:11:13 [notice] 34#34: gracefully shutting down
2025/03/04 16:11:13 [notice] 35#35: gracefully shutting down
2025/03/04 16:11:13 [notice] 23#23: exiting
2025/03/04 16:11:13 [notice] 36#36: exiting
2025/03/04 16:11:13 [notice] 22#22: exiting
2025/03/04 16:11:13 [notice] 24#24: exiting
2025/03/04 16:11:13 [notice] 25#25: exiting
2025/03/04 16:11:13 [notice] 28#28: exiting
2025/03/04 16:11:13 [notice] 25#25: exit
2025/03/04 16:11:13 [notice] 27#27: exiting
2025/03/04 16:11:13 [notice] 29#29: exiting
2025/03/04 16:11:13 [notice] 31#31: exiting
2025/03/04 16:11:13 [notice] 26#26: exiting
2025/03/04 16:11:13 [notice] 31#31: exit
2025/03/04 16:11:13 [notice] 32#32: exiting
2025/03/04 16:11:13 [notice] 33#33: exiting
2025/03/04 16:11:13 [notice] 30#30: exiting
2025/03/04 16:11:13 [notice] 37#37: exiting
2025/03/04 16:11:13 [notice] 34#34: exiting
2025/03/04 16:11:13 [notice] 37#37: exit
2025/03/04 16:11:13 [notice] 35#35: exiting
2025/03/04 16:11:13 [notice] 23#23: exit
2025/03/04 16:11:13 [notice] 35#35: exit
2025/03/04 16:11:13 [notice] 36#36: exit
2025/03/04 16:11:13 [notice] 22#22: exit
2025/03/04 16:11:13 [notice] 24#24: exit
2025/03/04 16:11:13 [notice] 28#28: exit
2025/03/04 16:11:13 [notice] 27#27: exit
2025/03/04 16:11:13 [notice] 29#29: exit
2025/03/04 16:11:13 [notice] 26#26: exit
2025/03/04 16:11:13 [notice] 32#32: exit
2025/03/04 16:11:13 [notice] 33#33: exit
2025/03/04 16:11:13 [notice] 30#30: exit
2025/03/04 16:11:13 [notice] 34#34: exit
2025/03/04 16:11:13 [notice] 1#1: signal 17 (SIGCHLD) received from 34
2025/03/04 16:11:13 [notice] 1#1: worker process 22 exited with code 0
2025/03/04 16:11:13 [notice] 1#1: worker process 26 exited with code 0
2025/03/04 16:11:13 [notice] 1#1: worker process 27 exited with code 0
2025/03/04 16:11:13 [notice] 1#1: worker process 34 exited with code 0
2025/03/04 16:11:13 [notice] 1#1: worker process 35 exited with code 0
2025/03/04 16:11:13 [notice] 1#1: worker process 37 exited with code 0
2025/03/04 16:11:13 [notice] 1#1: signal 29 (SIGIO) received
2025/03/04 16:11:13 [notice] 1#1: signal 17 (SIGCHLD) received from 26
2025/03/04 16:11:13 [notice] 1#1: signal 17 (SIGCHLD) received from 28
2025/03/04 16:11:13 [notice] 1#1: worker process 23 exited with code 0
2025/03/04 16:11:13 [notice] 1#1: worker process 24 exited with code 0
2025/03/04 16:11:13 [notice] 1#1: worker process 25 exited with code 0
2025/03/04 16:11:13 [notice] 1#1: worker process 28 exited with code 0
2025/03/04 16:11:13 [notice] 1#1: worker process 29 exited with code 0
2025/03/04 16:11:13 [notice] 1#1: worker process 31 exited with code 0
2025/03/04 16:11:13 [notice] 1#1: worker process 32 exited with code 0
2025/03/04 16:11:13 [notice] 1#1: worker process 33 exited with code 0
2025/03/04 16:11:13 [notice] 1#1: worker process 36 exited with code 0
2025/03/04 16:11:13 [notice] 1#1: signal 29 (SIGIO) received
2025/03/04 16:11:13 [notice] 1#1: signal 17 (SIGCHLD) received from 33
2025/03/04 16:11:13 [notice] 1#1: signal 17 (SIGCHLD) received from 30
2025/03/04 16:11:13 [notice] 1#1: worker process 30 exited with code 0
2025/03/04 16:11:13 [notice] 1#1: exit
2025/03/04 16:12:26 [notice] 1#1: using the "epoll" event method
2025/03/04 16:12:26 [notice] 1#1: nginx/1.27.4
2025/03/04 16:12:26 [notice] 1#1: built by gcc 14.2.0 (Alpine 14.2.0) 
2025/03/04 16:12:26 [notice] 1#1: OS: Linux 5.15.167.4-microsoft-standard-WSL2
2025/03/04 16:12:26 [notice] 1#1: getrlimit(RLIMIT_NOFILE): 1048576:1048576
2025/03/04 16:12:26 [notice] 1#1: start worker processes
2025/03/04 16:12:26 [notice] 1#1: start worker process 21
2025/03/04 16:12:26 [notice] 1#1: start worker process 22
2025/03/04 16:12:26 [notice] 1#1: start worker process 23
2025/03/04 16:12:26 [notice] 1#1: start worker process 24
2025/03/04 16:12:26 [notice] 1#1: start worker process 25
2025/03/04 16:12:26 [notice] 1#1: start worker process 26
2025/03/04 16:12:26 [notice] 1#1: start worker process 27
2025/03/04 16:12:26 [notice] 1#1: start worker process 28
2025/03/04 16:12:26 [notice] 1#1: start worker process 29
2025/03/04 16:12:26 [notice] 1#1: start worker process 30
2025/03/04 16:12:26 [notice] 1#1: start worker process 31
2025/03/04 16:12:26 [notice] 1#1: start worker process 32
2025/03/04 16:12:26 [notice] 1#1: start worker process 33
2025/03/04 16:12:26 [notice] 1#1: start worker process 34
2025/03/04 16:12:26 [notice] 1#1: start worker process 35
2025/03/04 16:12:26 [notice] 1#1: start worker process 36
2025/03/04 16:14:00 [notice] 1#1: signal 3 (SIGQUIT) received, shutting down
2025/03/04 16:14:00 [notice] 21#21: gracefully shutting down
2025/03/04 16:14:00 [notice] 22#22: gracefully shutting down
2025/03/04 16:14:00 [notice] 25#25: gracefully shutting down
2025/03/04 16:14:00 [notice] 23#23: gracefully shutting down
2025/03/04 16:14:00 [notice] 26#26: gracefully shutting down
2025/03/04 16:14:00 [notice] 24#24: gracefully shutting down
2025/03/04 16:14:00 [notice] 28#28: gracefully shutting down
2025/03/04 16:14:00 [notice] 27#27: gracefully shutting down
2025/03/04 16:14:00 [notice] 29#29: gracefully shutting down
2025/03/04 16:14:00 [notice] 30#30: gracefully shutting down
2025/03/04 16:14:00 [notice] 31#31: gracefully shutting down
2025/03/04 16:14:00 [notice] 34#34: gracefully shutting down
2025/03/04 16:14:00 [notice] 33#33: gracefully shutting down
2025/03/04 16:14:00 [notice] 35#35: gracefully shutting down
2025/03/04 16:14:00 [notice] 32#32: gracefully shutting down
2025/03/04 16:14:00 [notice] 36#36: gracefully shutting down
2025/03/04 16:14:00 [notice] 21#21: exiting
2025/03/04 16:14:00 [notice] 22#22: exiting
2025/03/04 16:14:00 [notice] 25#25: exiting
2025/03/04 16:14:00 [notice] 23#23: exiting
2025/03/04 16:14:00 [notice] 26#26: exiting
2025/03/04 16:14:00 [notice] 24#24: exiting
2025/03/04 16:14:00 [notice] 26#26: exit
2025/03/04 16:14:00 [notice] 28#28: exiting
2025/03/04 16:14:00 [notice] 27#27: exiting
2025/03/04 16:14:00 [notice] 28#28: exit
2025/03/04 16:14:00 [notice] 29#29: exiting
2025/03/04 16:14:00 [notice] 30#30: exiting
2025/03/04 16:14:00 [notice] 31#31: exiting
2025/03/04 16:14:00 [notice] 34#34: exiting
2025/03/04 16:14:00 [notice] 31#31: exit
2025/03/04 16:14:00 [notice] 33#33: exiting
2025/03/04 16:14:00 [notice] 35#35: exiting
2025/03/04 16:14:00 [notice] 32#32: exiting
2025/03/04 16:14:00 [notice] 36#36: exiting
2025/03/04 16:14:00 [notice] 21#21: exit
2025/03/04 16:14:00 [notice] 22#22: exit
2025/03/04 16:14:00 [notice] 25#25: exit
2025/03/04 16:14:00 [notice] 23#23: exit
2025/03/04 16:14:00 [notice] 24#24: exit
2025/03/04 16:14:00 [notice] 27#27: exit
2025/03/04 16:14:00 [notice] 29#29: exit
2025/03/04 16:14:00 [notice] 30#30: exit
2025/03/04 16:14:00 [notice] 34#34: exit
2025/03/04 16:14:00 [notice] 33#33: exit
2025/03/04 16:14:00 [notice] 35#35: exit
2025/03/04 16:14:00 [notice] 32#32: exit
2025/03/04 16:14:00 [notice] 36#36: exit
2025/03/04 16:14:00 [notice] 1#1: signal 17 (SIGCHLD) received from 28
2025/03/04 16:14:00 [notice] 1#1: worker process 28 exited with code 0
2025/03/04 16:14:00 [notice] 1#1: signal 29 (SIGIO) received
2025/03/04 16:14:00 [notice] 1#1: signal 17 (SIGCHLD) received from 22
2025/03/04 16:14:00 [notice] 1#1: worker process 21 exited with code 0
2025/03/04 16:14:00 [notice] 1#1: worker process 22 exited with code 0
2025/03/04 16:14:00 [notice] 1#1: worker process 26 exited with code 0
2025/03/04 16:14:00 [notice] 1#1: worker process 31 exited with code 0
2025/03/04 16:14:00 [notice] 1#1: signal 29 (SIGIO) received
2025/03/04 16:14:00 [notice] 1#1: signal 17 (SIGCHLD) received from 31
2025/03/04 16:14:00 [notice] 1#1: signal 17 (SIGCHLD) received from 23
2025/03/04 16:14:00 [notice] 1#1: worker process 23 exited with code 0
2025/03/04 16:14:00 [notice] 1#1: signal 29 (SIGIO) received
2025/03/04 16:14:00 [notice] 1#1: signal 17 (SIGCHLD) received from 30
2025/03/04 16:14:00 [notice] 1#1: worker process 25 exited with code 0
2025/03/04 16:14:00 [notice] 1#1: worker process 27 exited with code 0
2025/03/04 16:14:00 [notice] 1#1: worker process 29 exited with code 0
2025/03/04 16:14:00 [notice] 1#1: worker process 30 exited with code 0
2025/03/04 16:14:00 [notice] 1#1: worker process 32 exited with code 0
2025/03/04 16:14:00 [notice] 1#1: worker process 33 exited with code 0
2025/03/04 16:14:00 [notice] 1#1: signal 29 (SIGIO) received
2025/03/04 16:14:00 [notice] 1#1: signal 17 (SIGCHLD) received from 33
2025/03/04 16:14:00 [notice] 1#1: signal 17 (SIGCHLD) received from 34
2025/03/04 16:14:00 [notice] 1#1: worker process 24 exited with code 0
2025/03/04 16:14:00 [notice] 1#1: worker process 34 exited with code 0
2025/03/04 16:14:00 [notice] 1#1: worker process 35 exited with code 0
2025/03/04 16:14:00 [notice] 1#1: worker process 36 exited with code 0
2025/03/04 16:14:00 [notice] 1#1: exit
2025/03/04 16:14:12 [notice] 1#1: using the "epoll" event method
2025/03/04 16:14:12 [notice] 1#1: nginx/1.27.4
2025/03/04 16:14:12 [notice] 1#1: built by gcc 14.2.0 (Alpine 14.2.0) 
2025/03/04 16:14:12 [notice] 1#1: OS: Linux 5.15.167.4-microsoft-standard-WSL2
2025/03/04 16:14:12 [notice] 1#1: getrlimit(RLIMIT_NOFILE): 1048576:1048576
2025/03/04 16:14:12 [notice] 1#1: start worker processes
2025/03/04 16:14:12 [notice] 1#1: start worker process 21
2025/03/04 16:14:12 [notice] 1#1: start worker process 22
2025/03/04 16:14:12 [notice] 1#1: start worker process 23
2025/03/04 16:14:12 [notice] 1#1: start worker process 24
2025/03/04 16:14:12 [notice] 1#1: start worker process 25
2025/03/04 16:14:12 [notice] 1#1: start worker process 26
2025/03/04 16:14:12 [notice] 1#1: start worker process 27
2025/03/04 16:14:12 [notice] 1#1: start worker process 28
2025/03/04 16:14:12 [notice] 1#1: start worker process 29
2025/03/04 16:14:12 [notice] 1#1: start worker process 30
2025/03/04 16:14:12 [notice] 1#1: start worker process 31
2025/03/04 16:14:12 [notice] 1#1: start worker process 32
2025/03/04 16:14:12 [notice] 1#1: start worker process 33
2025/03/04 16:14:12 [notice] 1#1: start worker process 34
2025/03/04 16:14:12 [notice] 1#1: start worker process 35
2025/03/04 16:14:12 [notice] 1#1: start worker process 36
2025/03/04 16:16:52 [notice] 1#1: signal 3 (SIGQUIT) received, shutting down
2025/03/04 16:16:52 [notice] 21#21: gracefully shutting down
2025/03/04 16:16:52 [notice] 23#23: gracefully shutting down
2025/03/04 16:16:52 [notice] 22#22: gracefully shutting down
2025/03/04 16:16:52 [notice] 25#25: gracefully shutting down
2025/03/04 16:16:52 [notice] 29#29: gracefully shutting down
2025/03/04 16:16:52 [notice] 26#26: gracefully shutting down
2025/03/04 16:16:52 [notice] 24#24: gracefully shutting down
2025/03/04 16:16:52 [notice] 27#27: gracefully shutting down
2025/03/04 16:16:52 [notice] 31#31: gracefully shutting down
2025/03/04 16:16:52 [notice] 30#30: gracefully shutting down
2025/03/04 16:16:52 [notice] 32#32: gracefully shutting down
2025/03/04 16:16:52 [notice] 34#34: gracefully shutting down
2025/03/04 16:16:52 [notice] 35#35: gracefully shutting down
2025/03/04 16:16:52 [notice] 33#33: gracefully shutting down
2025/03/04 16:16:52 [notice] 28#28: gracefully shutting down
2025/03/04 16:16:52 [notice] 36#36: gracefully shutting down
2025/03/04 16:16:52 [notice] 21#21: exiting
2025/03/04 16:16:52 [notice] 23#23: exiting
2025/03/04 16:16:52 [notice] 22#22: exiting
2025/03/04 16:16:52 [notice] 23#23: exit
2025/03/04 16:16:52 [notice] 25#25: exiting
2025/03/04 16:16:52 [notice] 29#29: exiting
2025/03/04 16:16:52 [notice] 25#25: exit
2025/03/04 16:16:52 [notice] 26#26: exiting
2025/03/04 16:16:52 [notice] 24#24: exiting
2025/03/04 16:16:52 [notice] 27#27: exiting
2025/03/04 16:16:52 [notice] 24#24: exit
2025/03/04 16:16:52 [notice] 31#31: exiting
2025/03/04 16:16:52 [notice] 30#30: exiting
2025/03/04 16:16:52 [notice] 32#32: exiting
2025/03/04 16:16:52 [notice] 34#34: exiting
2025/03/04 16:16:52 [notice] 35#35: exiting
2025/03/04 16:16:52 [notice] 33#33: exiting
2025/03/04 16:16:52 [notice] 28#28: exiting
2025/03/04 16:16:52 [notice] 36#36: exiting
2025/03/04 16:16:52 [notice] 28#28: exit
2025/03/04 16:16:52 [notice] 21#21: exit
2025/03/04 16:16:52 [notice] 22#22: exit
2025/03/04 16:16:52 [notice] 29#29: exit
2025/03/04 16:16:52 [notice] 26#26: exit
2025/03/04 16:16:52 [notice] 27#27: exit
2025/03/04 16:16:52 [notice] 31#31: exit
2025/03/04 16:16:52 [notice] 30#30: exit
2025/03/04 16:16:52 [notice] 32#32: exit
2025/03/04 16:16:52 [notice] 34#34: exit
2025/03/04 16:16:52 [notice] 35#35: exit
2025/03/04 16:16:52 [notice] 33#33: exit
2025/03/04 16:16:52 [notice] 36#36: exit
2025/03/04 16:16:52 [notice] 1#1: signal 17 (SIGCHLD) received from 24
2025/03/04 16:16:52 [notice] 1#1: worker process 21 exited with code 0
2025/03/04 16:16:52 [notice] 1#1: worker process 24 exited with code 0
2025/03/04 16:16:52 [notice] 1#1: worker process 25 exited with code 0
2025/03/04 16:16:52 [notice] 1#1: worker process 29 exited with code 0
2025/03/04 16:16:52 [notice] 1#1: worker process 31 exited with code 0
2025/03/04 16:16:52 [notice] 1#1: worker process 33 exited with code 0
2025/03/04 16:16:52 [notice] 1#1: worker process 34 exited with code 0
2025/03/04 16:16:52 [notice] 1#1: signal 29 (SIGIO) received
2025/03/04 16:16:52 [notice] 1#1: signal 17 (SIGCHLD) received from 22
2025/03/04 16:16:52 [notice] 1#1: worker process 22 exited with code 0
2025/03/04 16:16:52 [notice] 1#1: worker process 23 exited with code 0
2025/03/04 16:16:52 [notice] 1#1: worker process 27 exited with code 0
2025/03/04 16:16:52 [notice] 1#1: worker process 28 exited with code 0
2025/03/04 16:16:52 [notice] 1#1: worker process 30 exited with code 0
2025/03/04 16:16:52 [notice] 1#1: worker process 35 exited with code 0
2025/03/04 16:16:52 [notice] 1#1: signal 29 (SIGIO) received
2025/03/04 16:16:52 [notice] 1#1: signal 17 (SIGCHLD) received from 28
2025/03/04 16:16:52 [notice] 1#1: signal 17 (SIGCHLD) received from 32
2025/03/04 16:16:52 [notice] 1#1: worker process 32 exited with code 0
2025/03/04 16:16:52 [notice] 1#1: worker process 36 exited with code 0
2025/03/04 16:16:52 [notice] 1#1: signal 29 (SIGIO) received
2025/03/04 16:16:52 [notice] 1#1: signal 17 (SIGCHLD) received from 26
2025/03/04 16:16:52 [notice] 1#1: worker process 26 exited with code 0
2025/03/04 16:16:52 [notice] 1#1: exit
2025/03/04 16:16:57 [notice] 1#1: using the "epoll" event method
2025/03/04 16:16:57 [notice] 1#1: nginx/1.27.4
2025/03/04 16:16:57 [notice] 1#1: built by gcc 14.2.0 (Alpine 14.2.0) 
2025/03/04 16:16:57 [notice] 1#1: OS: Linux 5.15.167.4-microsoft-standard-WSL2
2025/03/04 16:16:57 [notice] 1#1: getrlimit(RLIMIT_NOFILE): 1048576:1048576
2025/03/04 16:16:57 [notice] 1#1: start worker processes
2025/03/04 16:16:57 [notice] 1#1: start worker process 21
2025/03/04 16:16:57 [notice] 1#1: start worker process 22
2025/03/04 16:16:57 [notice] 1#1: start worker process 23
2025/03/04 16:16:57 [notice] 1#1: start worker process 24
2025/03/04 16:16:57 [notice] 1#1: start worker process 25
2025/03/04 16:16:57 [notice] 1#1: start worker process 26
2025/03/04 16:16:57 [notice] 1#1: start worker process 27
2025/03/04 16:16:57 [notice] 1#1: start worker process 28
2025/03/04 16:16:57 [notice] 1#1: start worker process 29
2025/03/04 16:16:57 [notice] 1#1: start worker process 30
2025/03/04 16:16:57 [notice] 1#1: start worker process 31
2025/03/04 16:16:57 [notice] 1#1: start worker process 32
2025/03/04 16:16:57 [notice] 1#1: start worker process 33
2025/03/04 16:16:57 [notice] 1#1: start worker process 34
2025/03/04 16:16:57 [notice] 1#1: start worker process 35
2025/03/04 16:16:57 [notice] 1#1: start worker process 36
2025/03/04 16:17:31 [notice] 1#1: signal 3 (SIGQUIT) received, shutting down
2025/03/04 16:17:31 [notice] 21#21: gracefully shutting down
2025/03/04 16:17:31 [notice] 36#36: gracefully shutting down
2025/03/04 16:17:31 [notice] 22#22: gracefully shutting down
2025/03/04 16:17:31 [notice] 23#23: gracefully shutting down
2025/03/04 16:17:31 [notice] 27#27: gracefully shutting down
2025/03/04 16:17:31 [notice] 28#28: gracefully shutting down
2025/03/04 16:17:31 [notice] 25#25: gracefully shutting down
2025/03/04 16:17:31 [notice] 29#29: gracefully shutting down
2025/03/04 16:17:31 [notice] 24#24: gracefully shutting down
2025/03/04 16:17:31 [notice] 30#30: gracefully shutting down
2025/03/04 16:17:31 [notice] 26#26: gracefully shutting down
2025/03/04 16:17:31 [notice] 32#32: gracefully shutting down
2025/03/04 16:17:31 [notice] 31#31: gracefully shutting down
2025/03/04 16:17:31 [notice] 33#33: gracefully shutting down
2025/03/04 16:17:31 [notice] 34#34: gracefully shutting down
2025/03/04 16:17:31 [notice] 35#35: gracefully shutting down
2025/03/04 16:17:31 [notice] 21#21: exiting
2025/03/04 16:17:31 [notice] 36#36: exiting
2025/03/04 16:17:31 [notice] 22#22: exiting
2025/03/04 16:17:31 [notice] 36#36: exit
2025/03/04 16:17:31 [notice] 23#23: exiting
2025/03/04 16:17:31 [notice] 27#27: exiting
2025/03/04 16:17:31 [notice] 23#23: exit
2025/03/04 16:17:31 [notice] 28#28: exiting
2025/03/04 16:17:31 [notice] 25#25: exiting
2025/03/04 16:17:31 [notice] 28#28: exit
2025/03/04 16:17:31 [notice] 29#29: exiting
2025/03/04 16:17:31 [notice] 24#24: exiting
2025/03/04 16:17:31 [notice] 30#30: exiting
2025/03/04 16:17:31 [notice] 26#26: exiting
2025/03/04 16:17:31 [notice] 32#32: exiting
2025/03/04 16:17:31 [notice] 26#26: exit
2025/03/04 16:17:31 [notice] 31#31: exiting
2025/03/04 16:17:31 [notice] 33#33: exiting
2025/03/04 16:17:31 [notice] 34#34: exiting
2025/03/04 16:17:31 [notice] 35#35: exiting
2025/03/04 16:17:31 [notice] 21#21: exit
2025/03/04 16:17:31 [notice] 35#35: exit
2025/03/04 16:17:31 [notice] 22#22: exit
2025/03/04 16:17:31 [notice] 27#27: exit
2025/03/04 16:17:31 [notice] 25#25: exit
2025/03/04 16:17:31 [notice] 29#29: exit
2025/03/04 16:17:31 [notice] 24#24: exit
2025/03/04 16:17:31 [notice] 30#30: exit
2025/03/04 16:17:31 [notice] 32#32: exit
2025/03/04 16:17:31 [notice] 31#31: exit
2025/03/04 16:17:31 [notice] 33#33: exit
2025/03/04 16:17:31 [notice] 34#34: exit
2025/03/04 16:17:31 [notice] 1#1: signal 17 (SIGCHLD) received from 27
2025/03/04 16:17:31 [notice] 1#1: worker process 27 exited with code 0
2025/03/04 16:17:31 [notice] 1#1: signal 29 (SIGIO) received
2025/03/04 16:17:31 [notice] 1#1: signal 17 (SIGCHLD) received from 28
2025/03/04 16:17:31 [notice] 1#1: worker process 24 exited with code 0
2025/03/04 16:17:31 [notice] 1#1: worker process 28 exited with code 0
2025/03/04 16:17:31 [notice] 1#1: signal 29 (SIGIO) received
2025/03/04 16:17:31 [notice] 1#1: signal 17 (SIGCHLD) received from 24
2025/03/04 16:17:31 [notice] 1#1: signal 17 (SIGCHLD) received from 30
2025/03/04 16:17:31 [notice] 1#1: worker process 30 exited with code 0
2025/03/04 16:17:31 [notice] 1#1: signal 29 (SIGIO) received
2025/03/04 16:17:31 [notice] 1#1: signal 17 (SIGCHLD) received from 26
2025/03/04 16:17:31 [notice] 1#1: worker process 21 exited with code 0
2025/03/04 16:17:31 [notice] 1#1: worker process 22 exited with code 0
2025/03/04 16:17:31 [notice] 1#1: worker process 23 exited with code 0
2025/03/04 16:17:31 [notice] 1#1: worker process 25 exited with code 0
2025/03/04 16:17:31 [notice] 1#1: worker process 26 exited with code 0
2025/03/04 16:17:31 [notice] 1#1: worker process 29 exited with code 0
2025/03/04 16:17:31 [notice] 1#1: worker process 31 exited with code 0
2025/03/04 16:17:31 [notice] 1#1: worker process 32 exited with code 0
2025/03/04 16:17:31 [notice] 1#1: worker process 34 exited with code 0
2025/03/04 16:17:31 [notice] 1#1: worker process 35 exited with code 0
2025/03/04 16:17:31 [notice] 1#1: worker process 36 exited with code 0
2025/03/04 16:17:31 [notice] 1#1: signal 29 (SIGIO) received
2025/03/04 16:17:31 [notice] 1#1: signal 17 (SIGCHLD) received from 35
2025/03/04 16:17:31 [notice] 1#1: signal 17 (SIGCHLD) received from 33
2025/03/04 16:17:31 [notice] 1#1: worker process 33 exited with code 0
2025/03/04 16:17:31 [notice] 1#1: exit
